<?xml version="1.0" encoding="UTF-8"?>
<!-- Generated by org.testng.reporters.JUnitXMLReporter -->
<testsuite ignored="0" hostname="LAPTOP-D14572JH" failures="0" tests="16" name="Default test" time="355.541" errors="0" timestamp="2023-10-17T18:38:48 IST">
  <testcase classname="Profile.TC_ID_26" name="Login" time="57.056"/>
  <testcase classname="Profile.TC_ID_26" name="Profile" time="6.049"/>
  <testcase classname="Profile.TC_ID_26" name="TC_ID_26_02" time="40.308"/>
  <testcase classname="Profile.TC_ID_26" name="TC_ID_26_03" time="11.91"/>
  <testcase classname="Profile.TC_ID_26" name="TC_ID_26_04" time="57.638"/>
  <testcase classname="Profile.TC_ID_26" name="TC_ID_26_05" time="24.837"/>
  <testcase classname="Profile.TC_ID_26" name="TC_ID_26_06" time="5.206"/>
  <testcase classname="Profile.TC_ID_26" name="TC_ID_26_07" time="25.212"/>
  <testcase classname="Profile.TC_ID_26" name="TC_ID_26_08" time="23.303"/>
  <testcase classname="Profile.TC_ID_26" name="TC_ID_26_09" time="21.037"/>
  <testcase classname="Profile.TC_ID_26" name="TC_ID_26_10" time="24.516"/>
  <testcase classname="Profile.TC_ID_26" name="TC_ID_26_11" time="1.926"/>
  <testcase classname="Profile.TC_ID_26" name="TC_ID_26_12" time="15.006"/>
  <testcase classname="Profile.TC_ID_26" name="TC_ID_26_13" time="7.252"/>
  <testcase classname="Profile.TC_ID_26" name="TC_ID_26_14" time="5.933"/>
  <testcase classname="Profile.TC_ID_26" name="TC_ID_26_15" time="9.689"/>
</testsuite> <!-- Default test -->
